<?xml version="1.0" encoding="UTF-8"?>
<!-- Generated by org.testng.reporters.JUnitReportReporter -->
<testsuite skipped="0" hostname="LAPTOP-0VM259J4" name="com.mohs10.getData.getdata" tests="1" failures="0" timestamp="2022-05-20T13:15:15 IST" time="2.883" errors="0">
  <testcase name="testResponsecode" time="2.883" classname="com.mohs10.getData.getdata"/>
  <system-out/>
</testsuite> <!-- com.mohs10.getData.getdata -->
